TN:
SF:src\services\submitFeedbackService.ts
FN:20,execute
FN:15,SubmitFeedbackService
FNF:2
FNH:2
FNDA:5,execute
FNDA:1,SubmitFeedbackService
DA:1,1
DA:2,1
DA:3,1
DA:4,1
DA:5,1
DA:6,1
DA:7,1
DA:8,1
DA:9,1
DA:10,1
DA:11,1
DA:12,1
DA:13,1
DA:14,1
DA:15,1
DA:16,1
DA:17,1
DA:18,1
DA:19,1
DA:20,1
DA:21,5
DA:22,5
DA:23,5
DA:24,1
DA:25,1
DA:26,4
DA:27,5
DA:28,1
DA:29,1
DA:30,3
DA:31,5
DA:32,1
DA:33,1
DA:34,2
DA:35,2
DA:36,2
DA:37,2
DA:38,2
DA:39,2
DA:40,2
DA:41,2
DA:42,2
DA:43,2
DA:44,2
DA:45,2
DA:46,2
DA:47,2
DA:48,1
DA:49,5
DA:50,5
DA:51,5
DA:52,5
DA:53,2
DA:54,2
DA:55,1
LF:55
LH:55
BRDA:20,0,0,5
BRDA:23,1,0,1
BRDA:26,2,0,4
BRDA:27,3,0,1
BRDA:30,4,0,3
BRDA:31,5,0,2
BRDA:31,6,0,1
BRDA:34,7,0,2
BRDA:47,8,0,1
BRDA:49,9,0,1
BRDA:53,10,0,2
BRDA:15,11,0,1
BRF:12
BRH:12
end_of_record
